<?xml version="1.0" encoding="UTF-8"?>
<!-- Generated by org.testng.reporters.JUnitXMLReporter -->
<testsuite ignored="0" hostname="Sergios-MacBook-Pro-2.local" failures="1" tests="5" name="getWeatherRequests" time="2.927" errors="0" timestamp="2019-12-10T16:17:59 CST">
  <testcase classname="getWeatherRequests.GetWeatherByCityName" name="testResponseCodeIs200" time="0.035"/>
  <testcase classname="getWeatherRequests.GetWeatherByCityName" name="testResponseTime" time="0.038"/>
  <testcase classname="getWeatherRequests.GetWeatherByCityName" name="testResponseBodyIsNotEmpty" time="0.161"/>
  <testcase classname="getWeatherRequests.GetWeatherByCityName" name="testResponseSchemaWrong" time="0.801">
    <failure type="java.lang.AssertionError" message="1 expectation failed.
Response body doesn&amp;apos;t match expectation.
Expected: The content to match the given JSON schema.
warning: the following keywords are unknown and will be ignored: [examples]
    level: &amp;quot;warning&amp;quot;
    schema: {&amp;quot;loadingURI&amp;quot;:&amp;quot;file:/Users/sergiof/eclipse-workspace/rest-assured-example/target/test-classes/json/schemas/city-weather-schema-wrong.json#&amp;quot;,&amp;quot;pointer&amp;quot;:&amp;quot;/properties/wrongProperty1&amp;quot;}
    domain: &amp;quot;syntax&amp;quot;
    ignored: [&amp;quot;examples&amp;quot;]
warning: the following keywords are unknown and will be ignored: [examples]
    level: &amp;quot;warning&amp;quot;
    schema: {&amp;quot;loadingURI&amp;quot;:&amp;quot;file:/Users/sergiof/eclipse-workspace/rest-assured-example/target/test-classes/json/schemas/city-weather-schema-wrong.json#&amp;quot;,&amp;quot;pointer&amp;quot;:&amp;quot;/properties/wrongProperty2&amp;quot;}
    domain: &amp;quot;syntax&amp;quot;
    ignored: [&amp;quot;examples&amp;quot;]
error: object has missing required properties ([&amp;quot;wrongProperty1&amp;quot;,&amp;quot;wrongPropety2&amp;quot;])
    level: &amp;quot;error&amp;quot;
    schema: {&amp;quot;loadingURI&amp;quot;:&amp;quot;file:/Users/sergiof/eclipse-workspace/rest-assured-example/target/test-classes/json/schemas/city-weather-schema-wrong.json#&amp;quot;,&amp;quot;pointer&amp;quot;:&amp;quot;&amp;quot;}
    instance: {&amp;quot;pointer&amp;quot;:&amp;quot;&amp;quot;}
    domain: &amp;quot;validation&amp;quot;
    keyword: &amp;quot;required&amp;quot;
    required: [&amp;quot;wrongProperty1&amp;quot;,&amp;quot;wrongPropety2&amp;quot;]
    missing: [&amp;quot;wrongProperty1&amp;quot;,&amp;quot;wrongPropety2&amp;quot;]

  Actual: {&amp;quot;coord&amp;quot;:{&amp;quot;lon&amp;quot;:-0.13,&amp;quot;lat&amp;quot;:51.51},&amp;quot;weather&amp;quot;:[{&amp;quot;id&amp;quot;:300,&amp;quot;main&amp;quot;:&amp;quot;Drizzle&amp;quot;,&amp;quot;description&amp;quot;:&amp;quot;light intensity drizzle&amp;quot;,&amp;quot;icon&amp;quot;:&amp;quot;09d&amp;quot;}],&amp;quot;base&amp;quot;:&amp;quot;stations&amp;quot;,&amp;quot;main&amp;quot;:{&amp;quot;temp&amp;quot;:280.32,&amp;quot;pressure&amp;quot;:1012,&amp;quot;humidity&amp;quot;:81,&amp;quot;temp_min&amp;quot;:279.15,&amp;quot;temp_max&amp;quot;:281.15},&amp;quot;visibility&amp;quot;:10000,&amp;quot;wind&amp;quot;:{&amp;quot;speed&amp;quot;:4.1,&amp;quot;deg&amp;quot;:80},&amp;quot;clouds&amp;quot;:{&amp;quot;all&amp;quot;:90},&amp;quot;dt&amp;quot;:1485789600,&amp;quot;sys&amp;quot;:{&amp;quot;type&amp;quot;:1,&amp;quot;id&amp;quot;:5091,&amp;quot;message&amp;quot;:0.0103,&amp;quot;country&amp;quot;:&amp;quot;GB&amp;quot;,&amp;quot;sunrise&amp;quot;:1485762037,&amp;quot;sunset&amp;quot;:1485794875},&amp;quot;id&amp;quot;:2643743,&amp;quot;name&amp;quot;:&amp;quot;London&amp;quot;,&amp;quot;cod&amp;quot;:200}
">
      <![CDATA[java.lang.AssertionError: 1 expectation failed.
Response body doesn't match expectation.
Expected: The content to match the given JSON schema.
warning: the following keywords are unknown and will be ignored: [examples]
    level: "warning"
    schema: {"loadingURI":"file:/Users/sergiof/eclipse-workspace/rest-assured-example/target/test-classes/json/schemas/city-weather-schema-wrong.json#","pointer":"/properties/wrongProperty1"}
    domain: "syntax"
    ignored: ["examples"]
warning: the following keywords are unknown and will be ignored: [examples]
    level: "warning"
    schema: {"loadingURI":"file:/Users/sergiof/eclipse-workspace/rest-assured-example/target/test-classes/json/schemas/city-weather-schema-wrong.json#","pointer":"/properties/wrongProperty2"}
    domain: "syntax"
    ignored: ["examples"]
error: object has missing required properties (["wrongProperty1","wrongPropety2"])
    level: "error"
    schema: {"loadingURI":"file:/Users/sergiof/eclipse-workspace/rest-assured-example/target/test-classes/json/schemas/city-weather-schema-wrong.json#","pointer":""}
    instance: {"pointer":""}
    domain: "validation"
    keyword: "required"
    required: ["wrongProperty1","wrongPropety2"]
    missing: ["wrongProperty1","wrongPropety2"]

  Actual: {"coord":{"lon":-0.13,"lat":51.51},"weather":[{"id":300,"main":"Drizzle","description":"light intensity drizzle","icon":"09d"}],"base":"stations","main":{"temp":280.32,"pressure":1012,"humidity":81,"temp_min":279.15,"temp_max":281.15},"visibility":10000,"wind":{"speed":4.1,"deg":80},"clouds":{"all":90},"dt":1485789600,"sys":{"type":1,"id":5091,"message":0.0103,"country":"GB","sunrise":1485762037,"sunset":1485794875},"id":2643743,"name":"London","cod":200}

at org.codehaus.groovy.runtime.callsite.ConstructorSite$ConstructorSiteNoUnwrap.callConstructor(ConstructorSite.java:84)
at org.codehaus.groovy.runtime.callsite.CallSiteArray.defaultCallConstructor(CallSiteArray.java:59)
at org.codehaus.groovy.runtime.callsite.AbstractCallSite.callConstructor(AbstractCallSite.java:237)
at org.codehaus.groovy.runtime.callsite.AbstractCallSite.callConstructor(AbstractCallSite.java:249)
at io.restassured.internal.ResponseSpecificationImpl$HamcrestAssertionClosure.validate(ResponseSpecificationImpl.groovy:493)
at io.restassured.internal.ResponseSpecificationImpl$HamcrestAssertionClosure$validate$1.call(Unknown Source)
at io.restassured.internal.ResponseSpecificationImpl.validateResponseIfRequired(ResponseSpecificationImpl.groovy:674)
at org.codehaus.groovy.runtime.callsite.PlainObjectMetaMethodSite.doInvoke(PlainObjectMetaMethodSite.java:43)
at org.codehaus.groovy.runtime.callsite.PogoMetaMethodSite$PogoCachedMethodSiteNoUnwrapNoCoerce.invoke(PogoMetaMethodSite.java:190)
at org.codehaus.groovy.runtime.callsite.PogoMetaMethodSite.callCurrent(PogoMetaMethodSite.java:58)
at org.codehaus.groovy.runtime.callsite.AbstractCallSite.callCurrent(AbstractCallSite.java:168)
at org.codehaus.groovy.runtime.callsite.AbstractCallSite.callCurrent(AbstractCallSite.java:166)
at io.restassured.internal.ResponseSpecificationImpl.body(ResponseSpecificationImpl.groovy:98)
at io.restassured.internal.ValidatableResponseOptionsImpl.body(ValidatableResponseOptionsImpl.java:238)
at io.restassured.internal.ValidatableResponseImpl.super$2$body(ValidatableResponseImpl.groovy)
at groovy.lang.MetaMethod.doMethodInvoke(MetaMethod.java:323)
at groovy.lang.MetaClassImpl.invokeMethod(MetaClassImpl.java:1217)
at org.codehaus.groovy.runtime.ScriptBytecodeAdapter.invokeMethodOnSuperN(ScriptBytecodeAdapter.java:144)
at io.restassured.internal.ValidatableResponseImpl.body(ValidatableResponseImpl.groovy:293)
at io.restassured.internal.ValidatableResponseImpl.body(ValidatableResponseImpl.groovy)
at getWeatherRequests.GetWeatherByCityName.testResponseSchemaWrong(GetWeatherByCityName.java:85)
at java.base/java.util.concurrent.ThreadPoolExecutor.runWorker(ThreadPoolExecutor.java:1128)
at java.base/java.util.concurrent.ThreadPoolExecutor$Worker.run(ThreadPoolExecutor.java:628)
at java.base/java.lang.Thread.run(Thread.java:830)
... Removed 28 stack frames]]>
    </failure>
  </testcase> <!-- testResponseSchemaWrong -->
  <testcase classname="getWeatherRequests.GetWeatherByCityName" name="testResponseSchema" time="0.832"/>
</testsuite> <!-- getWeatherRequests -->
